{"C:\\Users\\withc\\Documents\\coding\\company\\classting\\smallQuiz\\src\\app.tsx": {"path":"C:\\Users\\withc\\Documents\\coding\\company\\classting\\smallQuiz\\src\\app.tsx","statementMap":{"0":{"start":{"line":1,"column":0},"end":{"line":1,"column":26}},"1":{"start":{"line":2,"column":0},"end":{"line":2,"column":74}},"2":{"start":{"line":3,"column":0},"end":{"line":3,"column":40}},"3":{"start":{"line":5,"column":22},"end":{"line":17,"column":1}},"4":{"start":{"line":6,"column":4},"end":{"line":16,"column":6}},"5":{"start":{"line":11,"column":52},"end":{"line":11,"column":65}},"6":{"start":{"line":12,"column":56},"end":{"line":12,"column":67}},"7":{"start":{"line":13,"column":57},"end":{"line":13,"column":70}},"8":{"start":{"line":19,"column":0},"end":{"line":19,"column":19}}},"fnMap":{"0":{"name":"(anonymous_1)","decl":{"start":{"line":5,"column":22},"end":{"line":5,"column":25}},"loc":{"start":{"line":5,"column":27},"end":{"line":17,"column":1}}},"1":{"name":"(anonymous_2)","decl":{"start":{"line":11,"column":46},"end":{"line":11,"column":49}},"loc":{"start":{"line":11,"column":52},"end":{"line":11,"column":65}}},"2":{"name":"(anonymous_3)","decl":{"start":{"line":12,"column":50},"end":{"line":12,"column":53}},"loc":{"start":{"line":12,"column":56},"end":{"line":12,"column":67}}},"3":{"name":"(anonymous_4)","decl":{"start":{"line":13,"column":51},"end":{"line":13,"column":54}},"loc":{"start":{"line":13,"column":57},"end":{"line":13,"column":70}}}},"branchMap":{},"s":{"0":1,"1":1,"2":1,"3":1,"4":3,"5":3,"6":0,"7":0,"8":1},"f":{"0":3,"1":3,"2":0,"3":0},"b":{}}
}
